# JRE version: Java(TM) SE Runtime Environment (8.0_171-b11) (build 1.8.0_171-b11)
# Java VM: Java HotSpot(TM) 64-Bit Server VM (25.171-b11 mixed mode windows-amd64 compressed oops)
Heap:
 PSYoungGen      total 594432K, used 145149K [0x00000000d5580000, 0x0000000100000000, 0x0000000100000000)
  eden space 531968K, 15% used [0x00000000d5580000,0x00000000da6b8058,0x00000000f5d00000)
  from space 62464K, 99% used [0x00000000f5d00000,0x00000000f9987750,0x00000000f9a00000)
  to   space 88576K, 0% used [0x00000000fa980000,0x00000000fa980000,0x0000000100000000)
 ParOldGen       total 133632K, used 113343K [0x0000000080000000, 0x0000000088280000, 0x00000000d5580000)
  object space 133632K, 84% used [0x0000000080000000,0x0000000086eafc08,0x0000000088280000)
 Metaspace       used 83278K, capacity 88329K, committed 88576K, reserved 1126400K
  class space    used 11550K, capacity 12455K, committed 12544K, reserved 1048576K
GC Heap History (10 events):
Event: 111.996 GC heap before
{Heap before GC invocations=48 (full 3):
 PSYoungGen      total 630272K, used 630253K [0x00000000d5580000, 0x0000000100000000, 0x0000000100000000)
  eden space 582144K, 100% used [0x00000000d5580000,0x00000000f8e00000,0x00000000f8e00000)
  from space 48128K, 99% used [0x00000000fd100000,0x00000000ffffb440,0x0000000100000000)
  to   space 58368K, 0% used [0x00000000f8e00000,0x00000000f8e00000,0x00000000fc700000)
 ParOldGen       total 133632K, used 108424K [0x0000000080000000, 0x0000000088280000, 0x00000000d5580000)
  object space 133632K, 81% used [0x0000000080000000,0x00000000869e2110,0x0000000088280000)
 Metaspace       used 83220K, capacity 88241K, committed 88576K, reserved 1126400K
  class space    used 11550K, capacity 12455K, committed 12544K, reserved 1048576K
Event: 112.066 GC heap after
Heap after GC invocations=48 (full 3):
 PSYoungGen      total 632832K, used 50191K [0x00000000d5580000, 0x0000000100000000, 0x0000000100000000)
  eden space 582144K, 0% used [0x00000000d5580000,0x00000000d5580000,0x00000000f8e00000)
  from space 50688K, 99% used [0x00000000f8e00000,0x00000000fbf03e08,0x00000000fbf80000)
  to   space 64512K, 0% used [0x00000000fc100000,0x00000000fc100000,0x0000000100000000)
 ParOldGen       total 133632K, used 112810K [0x0000000080000000, 0x0000000088280000, 0x00000000d5580000)
  object space 133632K, 84% used [0x0000000080000000,0x0000000086e2aa10,0x0000000088280000)
 Metaspace       used 83220K, capacity 88241K, committed 88576K, reserved 1126400K
  class space    used 11550K, capacity 12455K, committed 12544K, reserved 1048576K
}
Event: 113.216 GC heap before
{Heap before GC invocations=49 (full 3):
 PSYoungGen      total 632832K, used 632335K [0x00000000d5580000, 0x0000000100000000, 0x0000000100000000)
  eden space 582144K, 100% used [0x00000000d5580000,0x00000000f8e00000,0x00000000f8e00000)
  from space 50688K, 99% used [0x00000000f8e00000,0x00000000fbf03e08,0x00000000fbf80000)
  to   space 64512K, 0% used [0x00000000fc100000,0x00000000fc100000,0x0000000100000000)
 ParOldGen       total 133632K, used 112810K [0x0000000080000000, 0x0000000088280000, 0x00000000d5580000)
  object space 133632K, 84% used [0x0000000080000000,0x0000000086e2aa10,0x0000000088280000)
 Metaspace       used 83241K, capacity 88305K, committed 88576K, reserved 1126400K
  class space    used 11550K, capacity 12455K, committed 12544K, reserved 1048576K
Event: 113.293 GC heap after
Heap after GC invocations=49 (full 3):
 PSYoungGen      total 622080K, used 54951K [0x00000000d5580000, 0x0000000100000000, 0x0000000100000000)
  eden space 557568K, 0% used [0x00000000d5580000,0x00000000d5580000,0x00000000f7600000)
  from space 64512K, 85% used [0x00000000fc100000,0x00000000ff6a9f70,0x0000000100000000)
  to   space 70656K, 0% used [0x00000000f7600000,0x00000000f7600000,0x00000000fbb00000)
 ParOldGen       total 133632K, used 112858K [0x0000000080000000, 0x0000000088280000, 0x00000000d5580000)
  object space 133632K, 84% used [0x0000000080000000,0x0000000086e36a10,0x0000000088280000)
 Metaspace       used 83241K, capacity 88305K, committed 88576K, reserved 1126400K
  class space    used 11550K, capacity 12455K, committed 12544K, reserved 1048576K
}
Event: 114.211 GC heap before
{Heap before GC invocations=50 (full 3):
 PSYoungGen      total 622080K, used 612519K [0x00000000d5580000, 0x0000000100000000, 0x0000000100000000)
  eden space 557568K, 100% used [0x00000000d5580000,0x00000000f7600000,0x00000000f7600000)
  from space 64512K, 85% used [0x00000000fc100000,0x00000000ff6a9f70,0x0000000100000000)
  to   space 70656K, 0% used [0x00000000f7600000,0x00000000f7600000,0x00000000fbb00000)
 ParOldGen       total 133632K, used 112858K [0x0000000080000000, 0x0000000088280000, 0x00000000d5580000)
  object space 133632K, 84% used [0x0000000080000000,0x0000000086e36a10,0x0000000088280000)
 Metaspace       used 83260K, capacity 88313K, committed 88576K, reserved 1126400K
  class space    used 11550K, capacity 12455K, committed 12544K, reserved 1048576K
Event: 114.313 GC heap after
Heap after GC invocations=50 (full 3):
 PSYoungGen      total 618496K, used 60669K [0x00000000d5580000, 0x0000000100000000, 0x0000000100000000)
  eden space 557568K, 0% used [0x00000000d5580000,0x00000000d5580000,0x00000000f7600000)
  from space 60928K, 99% used [0x00000000f7600000,0x00000000fb13f628,0x00000000fb180000)
  to   space 77824K, 0% used [0x00000000fb400000,0x00000000fb400000,0x0000000100000000)
 ParOldGen       total 133632K, used 112994K [0x0000000080000000, 0x0000000088280000, 0x00000000d5580000)
  object space 133632K, 84% used [0x0000000080000000,0x0000000086e58a10,0x0000000088280000)
 Metaspace       used 83260K, capacity 88313K, committed 88576K, reserved 1126400K
  class space    used 11550K, capacity 12455K, committed 12544K, reserved 1048576K
}
Event: 115.521 GC heap before
{Heap before GC invocations=51 (full 3):
 PSYoungGen      total 618496K, used 618237K [0x00000000d5580000, 0x0000000100000000, 0x0000000100000000)
  eden space 557568K, 100% used [0x00000000d5580000,0x00000000f7600000,0x00000000f7600000)
  from space 60928K, 99% used [0x00000000f7600000,0x00000000fb13f628,0x00000000fb180000)
  to   space 77824K, 0% used [0x00000000fb400000,0x00000000fb400000,0x0000000100000000)
 ParOldGen       total 133632K, used 112999K [0x0000000080000000, 0x0000000088280000, 0x00000000d5580000)
  object space 133632K, 84% used [0x0000000080000000,0x0000000086e59c08,0x0000000088280000)
 Metaspace       used 83274K, capacity 88329K, committed 88576K, reserved 1126400K
  class space    used 11550K, capacity 12455K, committed 12544K, reserved 1048576K
Event: 115.598 GC heap after
Heap after GC invocations=51 (full 3):
 PSYoungGen      total 609792K, used 61037K [0x00000000d5580000, 0x0000000100000000, 0x0000000100000000)
  eden space 531968K, 0% used [0x00000000d5580000,0x00000000d5580000,0x00000000f5d00000)
  from space 77824K, 78% used [0x00000000fb400000,0x00000000fef9b660,0x0000000100000000)
  to   space 83456K, 0% used [0x00000000f5d00000,0x00000000f5d00000,0x00000000fae80000)
 ParOldGen       total 133632K, used 113143K [0x0000000080000000, 0x0000000088280000, 0x00000000d5580000)
  object space 133632K, 84% used [0x0000000080000000,0x0000000086e7dc08,0x0000000088280000)
 Metaspace       used 83274K, capacity 88329K, committed 88576K, reserved 1126400K
  class space    used 11550K, capacity 12455K, committed 12544K, reserved 1048576K
}
Event: 115.639 GC heap before
{Heap before GC invocations=52 (full 3):
 PSYoungGen      total 609792K, used 80722K [0x00000000d5580000, 0x0000000100000000, 0x0000000100000000)
  eden space 531968K, 3% used [0x00000000d5580000,0x00000000d68b9560,0x00000000f5d00000)
  from space 77824K, 78% used [0x00000000fb400000,0x00000000fef9b660,0x0000000100000000)
  to   space 83456K, 0% used [0x00000000f5d00000,0x00000000f5d00000,0x00000000fae80000)
 ParOldGen       total 133632K, used 113143K [0x0000000080000000, 0x0000000088280000, 0x00000000d5580000)
  object space 133632K, 84% used [0x0000000080000000,0x0000000086e7dc08,0x0000000088280000)
 Metaspace       used 83275K, capacity 88329K, committed 88576K, reserved 1126400K
  class space    used 11550K, capacity 12455K, committed 12544K, reserved 1048576K
Event: 115.718 GC heap after
Heap after GC invocations=52 (full 3):
 PSYoungGen      total 594432K, used 61981K [0x00000000d5580000, 0x0000000100000000, 0x0000000100000000)
  eden space 531968K, 0% used [0x00000000d5580000,0x00000000d5580000,0x00000000f5d00000)
  from space 62464K, 99% used [0x00000000f5d00000,0x00000000f9987750,0x00000000f9a00000)
  to   space 88576K, 0% used [0x00000000fa980000,0x00000000fa980000,0x0000000100000000)
 ParOldGen       total 133632K, used 113343K [0x0000000080000000, 0x0000000088280000, 0x00000000d5580000)
  object space 133632K, 84% used [0x0000000080000000,0x0000000086eafc08,0x0000000088280000)
 Metaspace       used 83275K, capacity 88329K, committed 88576K, reserved 1126400K
  class space    used 11550K, capacity 12455K, committed 12544K, reserved 1048576K
}

