# JRE version: Java(TM) SE Runtime Environment (8.0_171-b11) (build 1.8.0_171-b11)
# Java VM: Java HotSpot(TM) 64-Bit Server VM (25.171-b11 mixed mode windows-amd64 compressed oops)
Heap:
 PSYoungGen      total 384000K, used 324652K [0x00000000d5580000, 0x00000000f7400000, 0x0000000100000000)
  eden space 344576K, 84% used [0x00000000d5580000,0x00000000e7144200,0x00000000ea600000)
  from space 39424K, 86% used [0x00000000ea600000,0x00000000ec746f18,0x00000000ecc80000)
  to   space 43520K, 0% used [0x00000000f4980000,0x00000000f4980000,0x00000000f7400000)
 ParOldGen       total 140288K, used 43398K [0x0000000080000000, 0x0000000088900000, 0x00000000d5580000)
  object space 140288K, 30% used [0x0000000080000000,0x0000000082a619f8,0x0000000088900000)
 Metaspace       used 82145K, capacity 86028K, committed 86144K, reserved 1124352K
  class space    used 11140K, capacity 11875K, committed 11904K, reserved 1048576K
GC Heap History (10 events):
Event: 38.567 GC heap before
{Heap before GC invocations=14 (full 3):
 PSYoungGen      total 256512K, used 233984K [0x00000000d5580000, 0x00000000e7700000, 0x0000000100000000)
  eden space 233984K, 100% used [0x00000000d5580000,0x00000000e3a00000,0x00000000e3a00000)
  from space 22528K, 0% used [0x00000000e5200000,0x00000000e5200000,0x00000000e6800000)
  to   space 24576K, 0% used [0x00000000e3a00000,0x00000000e3a00000,0x00000000e5200000)
 ParOldGen       total 140288K, used 41557K [0x0000000080000000, 0x0000000088900000, 0x00000000d5580000)
  object space 140288K, 29% used [0x0000000080000000,0x0000000082895738,0x0000000088900000)
 Metaspace       used 72396K, capacity 75252K, committed 75392K, reserved 1114112K
  class space    used 10071K, capacity 10622K, committed 10624K, reserved 1048576K
Event: 38.618 GC heap after
Heap after GC invocations=14 (full 3):
 PSYoungGen      total 258560K, used 21391K [0x00000000d5580000, 0x00000000eaa00000, 0x0000000100000000)
  eden space 233984K, 0% used [0x00000000d5580000,0x00000000d5580000,0x00000000e3a00000)
  from space 24576K, 87% used [0x00000000e3a00000,0x00000000e4ee3fa0,0x00000000e5200000)
  to   space 27136K, 0% used [0x00000000e8f80000,0x00000000e8f80000,0x00000000eaa00000)
 ParOldGen       total 140288K, used 41565K [0x0000000080000000, 0x0000000088900000, 0x00000000d5580000)
  object space 140288K, 29% used [0x0000000080000000,0x0000000082897738,0x0000000088900000)
 Metaspace       used 72396K, capacity 75252K, committed 75392K, reserved 1114112K
  class space    used 10071K, capacity 10622K, committed 10624K, reserved 1048576K
}
Event: 46.314 GC heap before
{Heap before GC invocations=15 (full 3):
 PSYoungGen      total 258560K, used 255375K [0x00000000d5580000, 0x00000000eaa00000, 0x0000000100000000)
  eden space 233984K, 100% used [0x00000000d5580000,0x00000000e3a00000,0x00000000e3a00000)
  from space 24576K, 87% used [0x00000000e3a00000,0x00000000e4ee3fa0,0x00000000e5200000)
  to   space 27136K, 0% used [0x00000000e8f80000,0x00000000e8f80000,0x00000000eaa00000)
 ParOldGen       total 140288K, used 41565K [0x0000000080000000, 0x0000000088900000, 0x00000000d5580000)
  object space 140288K, 29% used [0x0000000080000000,0x0000000082897738,0x0000000088900000)
 Metaspace       used 80157K, capacity 83772K, committed 83968K, reserved 1122304K
  class space    used 11016K, capacity 11719K, committed 11776K, reserved 1048576K
Event: 46.365 GC heap after
Heap after GC invocations=15 (full 3):
 PSYoungGen      total 316416K, used 27024K [0x00000000d5580000, 0x00000000ead00000, 0x0000000100000000)
  eden space 289280K, 0% used [0x00000000d5580000,0x00000000d5580000,0x00000000e7000000)
  from space 27136K, 99% used [0x00000000e8f80000,0x00000000ea9e40b8,0x00000000eaa00000)
  to   space 31232K, 0% used [0x00000000e7000000,0x00000000e7000000,0x00000000e8e80000)
 ParOldGen       total 140288K, used 41573K [0x0000000080000000, 0x0000000088900000, 0x00000000d5580000)
  object space 140288K, 29% used [0x0000000080000000,0x0000000082899738,0x0000000088900000)
 Metaspace       used 80157K, capacity 83772K, committed 83968K, reserved 1122304K
  class space    used 11016K, capacity 11719K, committed 11776K, reserved 1048576K
}
Event: 53.539 GC heap before
{Heap before GC invocations=16 (full 3):
 PSYoungGen      total 316416K, used 316304K [0x00000000d5580000, 0x00000000ead00000, 0x0000000100000000)
  eden space 289280K, 100% used [0x00000000d5580000,0x00000000e7000000,0x00000000e7000000)
  from space 27136K, 99% used [0x00000000e8f80000,0x00000000ea9e40b8,0x00000000eaa00000)
  to   space 31232K, 0% used [0x00000000e7000000,0x00000000e7000000,0x00000000e8e80000)
 ParOldGen       total 140288K, used 41573K [0x0000000080000000, 0x0000000088900000, 0x00000000d5580000)
  object space 140288K, 29% used [0x0000000080000000,0x0000000082899738,0x0000000088900000)
 Metaspace       used 80566K, capacity 84318K, committed 84480K, reserved 1122304K
  class space    used 11022K, capacity 11728K, committed 11776K, reserved 1048576K
Event: 53.574 GC heap after
Heap after GC invocations=16 (full 3):
 PSYoungGen      total 320512K, used 25243K [0x00000000d5580000, 0x00000000eed80000, 0x0000000100000000)
  eden space 289280K, 0% used [0x00000000d5580000,0x00000000d5580000,0x00000000e7000000)
  from space 31232K, 80% used [0x00000000e7000000,0x00000000e88a6e28,0x00000000e8e80000)
  to   space 33792K, 0% used [0x00000000ecc80000,0x00000000ecc80000,0x00000000eed80000)
 ParOldGen       total 140288K, used 41581K [0x0000000080000000, 0x0000000088900000, 0x00000000d5580000)
  object space 140288K, 29% used [0x0000000080000000,0x000000008289b738,0x0000000088900000)
 Metaspace       used 80566K, capacity 84318K, committed 84480K, reserved 1122304K
  class space    used 11022K, capacity 11728K, committed 11776K, reserved 1048576K
}
Event: 66.022 GC heap before
{Heap before GC invocations=17 (full 3):
 PSYoungGen      total 320512K, used 314523K [0x00000000d5580000, 0x00000000eed80000, 0x0000000100000000)
  eden space 289280K, 100% used [0x00000000d5580000,0x00000000e7000000,0x00000000e7000000)
  from space 31232K, 80% used [0x00000000e7000000,0x00000000e88a6e28,0x00000000e8e80000)
  to   space 33792K, 0% used [0x00000000ecc80000,0x00000000ecc80000,0x00000000eed80000)
 ParOldGen       total 140288K, used 41581K [0x0000000080000000, 0x0000000088900000, 0x00000000d5580000)
  object space 140288K, 29% used [0x0000000080000000,0x000000008289b738,0x0000000088900000)
 Metaspace       used 81183K, capacity 84922K, committed 84992K, reserved 1122304K
  class space    used 11067K, capacity 11766K, committed 11776K, reserved 1048576K
Event: 66.177 GC heap after
Heap after GC invocations=17 (full 3):
 PSYoungGen      total 378368K, used 33764K [0x00000000d5580000, 0x00000000efa00000, 0x0000000100000000)
  eden space 344576K, 0% used [0x00000000d5580000,0x00000000d5580000,0x00000000ea600000)
  from space 33792K, 99% used [0x00000000ecc80000,0x00000000eed79070,0x00000000eed80000)
  to   space 39424K, 0% used [0x00000000ea600000,0x00000000ea600000,0x00000000ecc80000)
 ParOldGen       total 140288K, used 43390K [0x0000000080000000, 0x0000000088900000, 0x00000000d5580000)
  object space 140288K, 30% used [0x0000000080000000,0x0000000082a5f9f8,0x0000000088900000)
 Metaspace       used 81183K, capacity 84922K, committed 84992K, reserved 1122304K
  class space    used 11067K, capacity 11766K, committed 11776K, reserved 1048576K
}
Event: 66.986 GC heap before
{Heap before GC invocations=18 (full 3):
 PSYoungGen      total 378368K, used 378340K [0x00000000d5580000, 0x00000000efa00000, 0x0000000100000000)
  eden space 344576K, 100% used [0x00000000d5580000,0x00000000ea600000,0x00000000ea600000)
  from space 33792K, 99% used [0x00000000ecc80000,0x00000000eed79070,0x00000000eed80000)
  to   space 39424K, 0% used [0x00000000ea600000,0x00000000ea600000,0x00000000ecc80000)
 ParOldGen       total 140288K, used 43390K [0x0000000080000000, 0x0000000088900000, 0x00000000d5580000)
  object space 140288K, 30% used [0x0000000080000000,0x0000000082a5f9f8,0x0000000088900000)
 Metaspace       used 81346K, capacity 85082K, committed 85376K, reserved 1122304K
  class space    used 11086K, capacity 11798K, committed 11904K, reserved 1048576K
Event: 67.065 GC heap after
Heap after GC invocations=18 (full 3):
 PSYoungGen      total 384000K, used 34075K [0x00000000d5580000, 0x00000000f7400000, 0x0000000100000000)
  eden space 344576K, 0% used [0x00000000d5580000,0x00000000d5580000,0x00000000ea600000)
  from space 39424K, 86% used [0x00000000ea600000,0x00000000ec746f18,0x00000000ecc80000)
  to   space 43520K, 0% used [0x00000000f4980000,0x00000000f4980000,0x00000000f7400000)
 ParOldGen       total 140288K, used 43398K [0x0000000080000000, 0x0000000088900000, 0x00000000d5580000)
  object space 140288K, 30% used [0x0000000080000000,0x0000000082a619f8,0x0000000088900000)
 Metaspace       used 81346K, capacity 85082K, committed 85376K, reserved 1122304K
  class space    used 11086K, capacity 11798K, committed 11904K, reserved 1048576K
}

