# JRE version: Java(TM) SE Runtime Environment (8.0_171-b11) (build 1.8.0_171-b11)
# Java VM: Java HotSpot(TM) 64-Bit Server VM (25.171-b11 mixed mode windows-amd64 compressed oops)
Heap:
 PSYoungGen      total 643584K, used 267994K [0x00000000d5580000, 0x0000000100000000, 0x0000000100000000)
  eden space 588288K, 45% used [0x00000000d5580000,0x00000000e5a3e8f8,0x00000000f9400000)
  from space 55296K, 1% used [0x00000000f9400000,0x00000000f94f8000,0x00000000fca00000)
  to   space 55296K, 0% used [0x00000000fca00000,0x00000000fca00000,0x0000000100000000)
 ParOldGen       total 366080K, used 317433K [0x0000000080000000, 0x0000000096580000, 0x00000000d5580000)
  object space 366080K, 86% used [0x0000000080000000,0x00000000935fe448,0x0000000096580000)
 Metaspace       used 89356K, capacity 94668K, committed 94720K, reserved 1130496K
  class space    used 12067K, capacity 13044K, committed 13056K, reserved 1048576K
GC Heap History (10 events):
Event: 115.722 GC heap before
{Heap before GC invocations=35 (full 4):
 PSYoungGen      total 663552K, used 634911K [0x00000000d5580000, 0x00000000ffe00000, 0x0000000100000000)
  eden space 631808K, 100% used [0x00000000d5580000,0x00000000fbe80000,0x00000000fbe80000)
  from space 31744K, 9% used [0x00000000fdd80000,0x00000000fe087c38,0x00000000ffc80000)
  to   space 31744K, 0% used [0x00000000fbe80000,0x00000000fbe80000,0x00000000fdd80000)
 ParOldGen       total 267264K, used 216653K [0x0000000080000000, 0x0000000090500000, 0x00000000d5580000)
  object space 267264K, 81% used [0x0000000080000000,0x000000008d393490,0x0000000090500000)
 Metaspace       used 83916K, capacity 88794K, committed 89088K, reserved 1126400K
  class space    used 11594K, capacity 12495K, committed 12544K, reserved 1048576K
Event: 117.576 GC heap after
Heap after GC invocations=35 (full 4):
 PSYoungGen      total 663552K, used 634911K [0x00000000d5580000, 0x00000000ffe00000, 0x0000000100000000)
  eden space 631808K, 100% used [0x00000000d5580000,0x00000000fbe80000,0x00000000fbe80000)
  from space 31744K, 9% used [0x00000000fdd80000,0x00000000fe087c38,0x00000000ffc80000)
  to   space 31744K, 99% used [0x00000000fbe80000,0x00000000fdd7c090,0x00000000fdd80000)
 ParOldGen       total 323584K, used 323578K [0x0000000080000000, 0x0000000093c00000, 0x00000000d5580000)
  object space 323584K, 99% used [0x0000000080000000,0x0000000093bfeb30,0x0000000093c00000)
 Metaspace       used 83916K, capacity 88794K, committed 89088K, reserved 1126400K
  class space    used 11594K, capacity 12495K, committed 12544K, reserved 1048576K
}
Event: 117.576 GC heap before
{Heap before GC invocations=36 (full 5):
 PSYoungGen      total 663552K, used 634911K [0x00000000d5580000, 0x00000000ffe00000, 0x0000000100000000)
  eden space 631808K, 100% used [0x00000000d5580000,0x00000000fbe80000,0x00000000fbe80000)
  from space 31744K, 9% used [0x00000000fdd80000,0x00000000fe087c38,0x00000000ffc80000)
  to   space 31744K, 99% used [0x00000000fbe80000,0x00000000fdd7c090,0x00000000fdd80000)
 ParOldGen       total 323584K, used 323578K [0x0000000080000000, 0x0000000093c00000, 0x00000000d5580000)
  object space 323584K, 99% used [0x0000000080000000,0x0000000093bfeb30,0x0000000093c00000)
 Metaspace       used 83916K, capacity 88794K, committed 89088K, reserved 1126400K
  class space    used 11594K, capacity 12495K, committed 12544K, reserved 1048576K
Event: 119.928 GC heap after
Heap after GC invocations=36 (full 5):
 PSYoungGen      total 663552K, used 0K [0x00000000d5580000, 0x00000000ffe00000, 0x0000000100000000)
  eden space 631808K, 0% used [0x00000000d5580000,0x00000000d5580000,0x00000000fbe80000)
  from space 31744K, 0% used [0x00000000fdd80000,0x00000000fdd80000,0x00000000ffc80000)
  to   space 31744K, 0% used [0x00000000fbe80000,0x00000000fbe80000,0x00000000fdd80000)
 ParOldGen       total 366080K, used 224567K [0x0000000080000000, 0x0000000096580000, 0x00000000d5580000)
  object space 366080K, 61% used [0x0000000080000000,0x000000008db4dd98,0x0000000096580000)
 Metaspace       used 83895K, capacity 88738K, committed 89088K, reserved 1126400K
  class space    used 11586K, capacity 12481K, committed 12544K, reserved 1048576K
}
Event: 5389.793 GC heap before
{Heap before GC invocations=37 (full 5):
 PSYoungGen      total 663552K, used 631808K [0x00000000d5580000, 0x00000000ffe00000, 0x0000000100000000)
  eden space 631808K, 100% used [0x00000000d5580000,0x00000000fbe80000,0x00000000fbe80000)
  from space 31744K, 0% used [0x00000000fdd80000,0x00000000fdd80000,0x00000000ffc80000)
  to   space 31744K, 0% used [0x00000000fbe80000,0x00000000fbe80000,0x00000000fdd80000)
 ParOldGen       total 366080K, used 224567K [0x0000000080000000, 0x0000000096580000, 0x00000000d5580000)
  object space 366080K, 61% used [0x0000000080000000,0x000000008db4dd98,0x0000000096580000)
 Metaspace       used 88093K, capacity 93264K, committed 93568K, reserved 1130496K
  class space    used 11912K, capacity 12820K, committed 12928K, reserved 1048576K
Event: 5390.085 GC heap after
Heap after GC invocations=37 (full 5):
 PSYoungGen      total 663552K, used 31715K [0x00000000d5580000, 0x0000000100000000, 0x0000000100000000)
  eden space 631808K, 0% used [0x00000000d5580000,0x00000000d5580000,0x00000000fbe80000)
  from space 31744K, 99% used [0x00000000fbe80000,0x00000000fdd78ec0,0x00000000fdd80000)
  to   space 35328K, 0% used [0x00000000fdd80000,0x00000000fdd80000,0x0000000100000000)
 ParOldGen       total 366080K, used 278478K [0x0000000080000000, 0x0000000096580000, 0x00000000d5580000)
  object space 366080K, 76% used [0x0000000080000000,0x0000000090ff3ae0,0x0000000096580000)
 Metaspace       used 88093K, capacity 93264K, committed 93568K, reserved 1130496K
  class space    used 11912K, capacity 12820K, committed 12928K, reserved 1048576K
}
Event: 5395.458 GC heap before
{Heap before GC invocations=38 (full 5):
 PSYoungGen      total 663552K, used 663523K [0x00000000d5580000, 0x0000000100000000, 0x0000000100000000)
  eden space 631808K, 100% used [0x00000000d5580000,0x00000000fbe80000,0x00000000fbe80000)
  from space 31744K, 99% used [0x00000000fbe80000,0x00000000fdd78ec0,0x00000000fdd80000)
  to   space 35328K, 0% used [0x00000000fdd80000,0x00000000fdd80000,0x0000000100000000)
 ParOldGen       total 366080K, used 278478K [0x0000000080000000, 0x0000000096580000, 0x00000000d5580000)
  object space 366080K, 76% used [0x0000000080000000,0x0000000090ff3ae0,0x0000000096580000)
 Metaspace       used 88755K, capacity 94008K, committed 94208K, reserved 1130496K
  class space    used 12011K, capacity 12966K, committed 13056K, reserved 1048576K
Event: 5395.662 GC heap after
Heap after GC invocations=38 (full 5):
 PSYoungGen      total 623616K, used 25718K [0x00000000d5580000, 0x0000000100000000, 0x0000000100000000)
  eden space 588288K, 0% used [0x00000000d5580000,0x00000000d5580000,0x00000000f9400000)
  from space 35328K, 72% used [0x00000000fdd80000,0x00000000ff69dbf0,0x0000000100000000)
  to   space 55296K, 0% used [0x00000000f9400000,0x00000000f9400000,0x00000000fca00000)
 ParOldGen       total 366080K, used 310147K [0x0000000080000000, 0x0000000096580000, 0x00000000d5580000)
  object space 366080K, 84% used [0x0000000080000000,0x0000000092ee0f58,0x0000000096580000)
 Metaspace       used 88755K, capacity 94008K, committed 94208K, reserved 1130496K
  class space    used 12011K, capacity 12966K, committed 13056K, reserved 1048576K
}
Event: 5405.390 GC heap before
{Heap before GC invocations=39 (full 5):
 PSYoungGen      total 623616K, used 614006K [0x00000000d5580000, 0x0000000100000000, 0x0000000100000000)
  eden space 588288K, 100% used [0x00000000d5580000,0x00000000f9400000,0x00000000f9400000)
  from space 35328K, 72% used [0x00000000fdd80000,0x00000000ff69dbf0,0x0000000100000000)
  to   space 55296K, 0% used [0x00000000f9400000,0x00000000f9400000,0x00000000fca00000)
 ParOldGen       total 366080K, used 310147K [0x0000000080000000, 0x0000000096580000, 0x00000000d5580000)
  object space 366080K, 84% used [0x0000000080000000,0x0000000092ee0f58,0x0000000096580000)
 Metaspace       used 89166K, capacity 94466K, committed 94720K, reserved 1130496K
  class space    used 12045K, capacity 13005K, committed 13056K, reserved 1048576K
Event: 5405.547 GC heap after
Heap after GC invocations=39 (full 5):
 PSYoungGen      total 643584K, used 992K [0x00000000d5580000, 0x0000000100000000, 0x0000000100000000)
  eden space 588288K, 0% used [0x00000000d5580000,0x00000000d5580000,0x00000000f9400000)
  from space 55296K, 1% used [0x00000000f9400000,0x00000000f94f8000,0x00000000fca00000)
  to   space 55296K, 0% used [0x00000000fca00000,0x00000000fca00000,0x0000000100000000)
 ParOldGen       total 366080K, used 317433K [0x0000000080000000, 0x0000000096580000, 0x00000000d5580000)
  object space 366080K, 86% used [0x0000000080000000,0x00000000935fe448,0x0000000096580000)
 Metaspace       used 89166K, capacity 94466K, committed 94720K, reserved 1130496K
  class space    used 12045K, capacity 13005K, committed 13056K, reserved 1048576K
}

