# JRE version: Java(TM) SE Runtime Environment (8.0_171-b11) (build 1.8.0_171-b11)
# Java VM: Java HotSpot(TM) 64-Bit Server VM (25.171-b11 mixed mode windows-amd64 compressed oops)
Heap:
 PSYoungGen      total 501760K, used 66391K [0x00000000d5580000, 0x00000000f7d00000, 0x0000000100000000)
  eden space 454144K, 14% used [0x00000000d5580000,0x00000000d9655f88,0x00000000f1100000)
  from space 47616K, 0% used [0x00000000f4e80000,0x00000000f4e80000,0x00000000f7d00000)
  to   space 55296K, 0% used [0x00000000f1100000,0x00000000f1100000,0x00000000f4700000)
 ParOldGen       total 228864K, used 93480K [0x0000000080000000, 0x000000008df80000, 0x00000000d5580000)
  object space 228864K, 40% used [0x0000000080000000,0x0000000085b4a080,0x000000008df80000)
 Metaspace       used 82302K, capacity 86188K, committed 86912K, reserved 1124352K
  class space    used 11005K, capacity 11739K, committed 11904K, reserved 1048576K
GC Heap History (10 events):
Event: 35.839 GC heap before
{Heap before GC invocations=14 (full 3):
 PSYoungGen      total 335360K, used 318464K [0x00000000d5580000, 0x00000000ec100000, 0x0000000100000000)
  eden space 318464K, 100% used [0x00000000d5580000,0x00000000e8c80000,0x00000000e8c80000)
  from space 16896K, 0% used [0x00000000ea380000,0x00000000ea380000,0x00000000eb400000)
  to   space 23552K, 0% used [0x00000000e8c80000,0x00000000e8c80000,0x00000000ea380000)
 ParOldGen       total 123392K, used 41613K [0x0000000080000000, 0x0000000087880000, 0x00000000d5580000)
  object space 123392K, 33% used [0x0000000080000000,0x00000000828a3540,0x0000000087880000)
 Metaspace       used 68887K, capacity 72202K, committed 72320K, reserved 1112064K
  class space    used 9695K, capacity 10343K, committed 10368K, reserved 1048576K
Event: 35.887 GC heap after
Heap after GC invocations=14 (full 3):
 PSYoungGen      total 342016K, used 23523K [0x00000000d5580000, 0x00000000f0f00000, 0x0000000100000000)
  eden space 318464K, 0% used [0x00000000d5580000,0x00000000d5580000,0x00000000e8c80000)
  from space 23552K, 99% used [0x00000000e8c80000,0x00000000ea378e98,0x00000000ea380000)
  to   space 27648K, 0% used [0x00000000ef400000,0x00000000ef400000,0x00000000f0f00000)
 ParOldGen       total 123392K, used 43642K [0x0000000080000000, 0x0000000087880000, 0x00000000d5580000)
  object space 123392K, 35% used [0x0000000080000000,0x0000000082a9e890,0x0000000087880000)
 Metaspace       used 68887K, capacity 72202K, committed 72320K, reserved 1112064K
  class space    used 9695K, capacity 10343K, committed 10368K, reserved 1048576K
}
Event: 45.309 GC heap before
{Heap before GC invocations=15 (full 3):
 PSYoungGen      total 342016K, used 341987K [0x00000000d5580000, 0x00000000f0f00000, 0x0000000100000000)
  eden space 318464K, 100% used [0x00000000d5580000,0x00000000e8c80000,0x00000000e8c80000)
  from space 23552K, 99% used [0x00000000e8c80000,0x00000000ea378e98,0x00000000ea380000)
  to   space 27648K, 0% used [0x00000000ef400000,0x00000000ef400000,0x00000000f0f00000)
 ParOldGen       total 123392K, used 43642K [0x0000000080000000, 0x0000000087880000, 0x00000000d5580000)
  object space 123392K, 35% used [0x0000000080000000,0x0000000082a9e890,0x0000000087880000)
 Metaspace       used 75139K, capacity 78690K, committed 78848K, reserved 1116160K
  class space    used 10462K, capacity 11139K, committed 11264K, reserved 1048576K
Event: 45.426 GC heap after
Heap after GC invocations=15 (full 3):
 PSYoungGen      total 411136K, used 27627K [0x00000000d5580000, 0x00000000f2500000, 0x0000000100000000)
  eden space 383488K, 0% used [0x00000000d5580000,0x00000000d5580000,0x00000000ecc00000)
  from space 27648K, 99% used [0x00000000ef400000,0x00000000f0efac80,0x00000000f0f00000)
  to   space 40960K, 0% used [0x00000000ecc00000,0x00000000ecc00000,0x00000000ef400000)
 ParOldGen       total 123392K, used 68154K [0x0000000080000000, 0x0000000087880000, 0x00000000d5580000)
  object space 123392K, 55% used [0x0000000080000000,0x000000008428ea68,0x0000000087880000)
 Metaspace       used 75139K, capacity 78690K, committed 78848K, reserved 1116160K
  class space    used 10462K, capacity 11139K, committed 11264K, reserved 1048576K
}
Event: 166.118 GC heap before
{Heap before GC invocations=16 (full 3):
 PSYoungGen      total 411136K, used 411115K [0x00000000d5580000, 0x00000000f2500000, 0x0000000100000000)
  eden space 383488K, 100% used [0x00000000d5580000,0x00000000ecc00000,0x00000000ecc00000)
  from space 27648K, 99% used [0x00000000ef400000,0x00000000f0efac80,0x00000000f0f00000)
  to   space 40960K, 0% used [0x00000000ecc00000,0x00000000ecc00000,0x00000000ef400000)
 ParOldGen       total 123392K, used 68154K [0x0000000080000000, 0x0000000087880000, 0x00000000d5580000)
  object space 123392K, 55% used [0x0000000080000000,0x000000008428ea68,0x0000000087880000)
 Metaspace       used 81770K, capacity 85550K, committed 85760K, reserved 1124352K
  class space    used 10960K, capacity 11700K, committed 11776K, reserved 1048576K
Event: 166.321 GC heap after
Heap after GC invocations=16 (full 3):
 PSYoungGen      total 424448K, used 40950K [0x00000000d5580000, 0x00000000f8700000, 0x0000000100000000)
  eden space 383488K, 0% used [0x00000000d5580000,0x00000000d5580000,0x00000000ecc00000)
  from space 40960K, 99% used [0x00000000ecc00000,0x00000000ef3fd848,0x00000000ef400000)
  to   space 57856K, 0% used [0x00000000f4e80000,0x00000000f4e80000,0x00000000f8700000)
 ParOldGen       total 123392K, used 95467K [0x0000000080000000, 0x0000000087880000, 0x00000000d5580000)
  object space 123392K, 77% used [0x0000000080000000,0x0000000085d3ac18,0x0000000087880000)
 Metaspace       used 81770K, capacity 85550K, committed 85760K, reserved 1124352K
  class space    used 10960K, capacity 11700K, committed 11776K, reserved 1048576K
}
Event: 192.548 GC heap before
{Heap before GC invocations=17 (full 3):
 PSYoungGen      total 424448K, used 424438K [0x00000000d5580000, 0x00000000f8700000, 0x0000000100000000)
  eden space 383488K, 100% used [0x00000000d5580000,0x00000000ecc00000,0x00000000ecc00000)
  from space 40960K, 99% used [0x00000000ecc00000,0x00000000ef3fd848,0x00000000ef400000)
  to   space 57856K, 0% used [0x00000000f4e80000,0x00000000f4e80000,0x00000000f8700000)
 ParOldGen       total 123392K, used 95467K [0x0000000080000000, 0x0000000087880000, 0x00000000d5580000)
  object space 123392K, 77% used [0x0000000080000000,0x0000000085d3ac18,0x0000000087880000)
 Metaspace       used 82704K, capacity 86782K, committed 86912K, reserved 1124352K
  class space    used 11033K, capacity 11830K, committed 11904K, reserved 1048576K
Event: 192.761 GC heap after
Heap after GC invocations=17 (full 3):
 PSYoungGen      total 501760K, used 15219K [0x00000000d5580000, 0x00000000f7d00000, 0x0000000100000000)
  eden space 454144K, 0% used [0x00000000d5580000,0x00000000d5580000,0x00000000f1100000)
  from space 47616K, 31% used [0x00000000f4e80000,0x00000000f5d5ce80,0x00000000f7d00000)
  to   space 55296K, 0% used [0x00000000f1100000,0x00000000f1100000,0x00000000f4700000)
 ParOldGen       total 134144K, used 133844K [0x0000000080000000, 0x0000000088300000, 0x00000000d5580000)
  object space 134144K, 99% used [0x0000000080000000,0x00000000882b51f0,0x0000000088300000)
 Metaspace       used 82704K, capacity 86782K, committed 86912K, reserved 1124352K
  class space    used 11033K, capacity 11830K, committed 11904K, reserved 1048576K
}
Event: 192.762 GC heap before
{Heap before GC invocations=18 (full 4):
 PSYoungGen      total 501760K, used 15219K [0x00000000d5580000, 0x00000000f7d00000, 0x0000000100000000)
  eden space 454144K, 0% used [0x00000000d5580000,0x00000000d5580000,0x00000000f1100000)
  from space 47616K, 31% used [0x00000000f4e80000,0x00000000f5d5ce80,0x00000000f7d00000)
  to   space 55296K, 0% used [0x00000000f1100000,0x00000000f1100000,0x00000000f4700000)
 ParOldGen       total 134144K, used 133844K [0x0000000080000000, 0x0000000088300000, 0x00000000d5580000)
  object space 134144K, 99% used [0x0000000080000000,0x00000000882b51f0,0x0000000088300000)
 Metaspace       used 82704K, capacity 86782K, committed 86912K, reserved 1124352K
  class space    used 11033K, capacity 11830K, committed 11904K, reserved 1048576K
Event: 194.340 GC heap after
Heap after GC invocations=18 (full 4):
 PSYoungGen      total 501760K, used 0K [0x00000000d5580000, 0x00000000f7d00000, 0x0000000100000000)
  eden space 454144K, 0% used [0x00000000d5580000,0x00000000d5580000,0x00000000f1100000)
  from space 47616K, 0% used [0x00000000f4e80000,0x00000000f4e80000,0x00000000f7d00000)
  to   space 55296K, 0% used [0x00000000f1100000,0x00000000f1100000,0x00000000f4700000)
 ParOldGen       total 228864K, used 93480K [0x0000000080000000, 0x000000008df80000, 0x00000000d5580000)
  object space 228864K, 40% used [0x0000000080000000,0x0000000085b4a080,0x000000008df80000)
 Metaspace       used 82179K, capacity 86112K, committed 86912K, reserved 1124352K
  class space    used 10981K, capacity 11737K, committed 11904K, reserved 1048576K
}

