# JRE version: Java(TM) SE Runtime Environment (8.0_171-b11) (build 1.8.0_171-b11)
# Java VM: Java HotSpot(TM) 64-Bit Server VM (25.171-b11 mixed mode windows-amd64 compressed oops)
Heap:
 PSYoungGen      total 598528K, used 598200K [0x00000000d5580000, 0x00000000ffa80000, 0x0000000100000000)
  eden space 578560K, 100% used [0x00000000d5580000,0x00000000f8a80000,0x00000000f8a80000)
  from space 19968K, 98% used [0x00000000f8a80000,0x00000000f9dae338,0x00000000f9e00000)
  to   space 57344K, 99% used [0x00000000fc280000,0x00000000ffa7ede8,0x00000000ffa80000)
 ParOldGen       total 353792K, used 353791K [0x0000000080000000, 0x0000000095980000, 0x00000000d5580000)
  object space 353792K, 99% used [0x0000000080000000,0x000000009597ff48,0x0000000095980000)
 Metaspace       used 108013K, capacity 113472K, committed 114176K, reserved 1148928K
  class space    used 14107K, capacity 15091K, committed 15360K, reserved 1048576K
GC Heap History (10 events):
Event: 173.001 GC heap after
Heap after GC invocations=52 (full 5):
 PSYoungGen      total 637952K, used 27159K [0x00000000d5580000, 0x00000000ffd00000, 0x0000000100000000)
  eden space 582144K, 0% used [0x00000000d5580000,0x00000000d5580000,0x00000000f8e00000)
  from space 55808K, 48% used [0x00000000f8e00000,0x00000000fa885c40,0x00000000fc480000)
  to   space 54784K, 0% used [0x00000000fc780000,0x00000000fc780000,0x00000000ffd00000)
 ParOldGen       total 330752K, used 291441K [0x0000000080000000, 0x0000000094300000, 0x00000000d5580000)
  object space 330752K, 88% used [0x0000000080000000,0x0000000091c9c680,0x0000000094300000)
 Metaspace       used 107771K, capacity 113190K, committed 114176K, reserved 1148928K
  class space    used 14098K, capacity 15088K, committed 15360K, reserved 1048576K
}
Event: 174.059 GC heap before
{Heap before GC invocations=53 (full 5):
 PSYoungGen      total 637952K, used 609303K [0x00000000d5580000, 0x00000000ffd00000, 0x0000000100000000)
  eden space 582144K, 100% used [0x00000000d5580000,0x00000000f8e00000,0x00000000f8e00000)
  from space 55808K, 48% used [0x00000000f8e00000,0x00000000fa885c40,0x00000000fc480000)
  to   space 54784K, 0% used [0x00000000fc780000,0x00000000fc780000,0x00000000ffd00000)
 ParOldGen       total 330752K, used 291441K [0x0000000080000000, 0x0000000094300000, 0x00000000d5580000)
  object space 330752K, 88% used [0x0000000080000000,0x0000000091c9c680,0x0000000094300000)
 Metaspace       used 107783K, capacity 113254K, committed 114176K, reserved 1148928K
  class space    used 14098K, capacity 15088K, committed 15360K, reserved 1048576K
Event: 174.106 GC heap after
Heap after GC invocations=53 (full 5):
 PSYoungGen      total 637952K, used 39839K [0x00000000d5580000, 0x0000000100000000, 0x0000000100000000)
  eden space 583168K, 0% used [0x00000000d5580000,0x00000000d5580000,0x00000000f8f00000)
  from space 54784K, 72% used [0x00000000fc780000,0x00000000fee67c98,0x00000000ffd00000)
  to   space 57856K, 0% used [0x00000000f8f00000,0x00000000f8f00000,0x00000000fc780000)
 ParOldGen       total 330752K, used 291441K [0x0000000080000000, 0x0000000094300000, 0x00000000d5580000)
  object space 330752K, 88% used [0x0000000080000000,0x0000000091c9c680,0x0000000094300000)
 Metaspace       used 107783K, capacity 113254K, committed 114176K, reserved 1148928K
  class space    used 14098K, capacity 15088K, committed 15360K, reserved 1048576K
}
Event: 175.095 GC heap before
{Heap before GC invocations=54 (full 5):
 PSYoungGen      total 637952K, used 623007K [0x00000000d5580000, 0x0000000100000000, 0x0000000100000000)
  eden space 583168K, 100% used [0x00000000d5580000,0x00000000f8f00000,0x00000000f8f00000)
  from space 54784K, 72% used [0x00000000fc780000,0x00000000fee67c98,0x00000000ffd00000)
  to   space 57856K, 0% used [0x00000000f8f00000,0x00000000f8f00000,0x00000000fc780000)
 ParOldGen       total 330752K, used 291441K [0x0000000080000000, 0x0000000094300000, 0x00000000d5580000)
  object space 330752K, 88% used [0x0000000080000000,0x0000000091c9c680,0x0000000094300000)
 Metaspace       used 107786K, capacity 113254K, committed 114176K, reserved 1148928K
  class space    used 14098K, capacity 15088K, committed 15360K, reserved 1048576K
Event: 175.175 GC heap after
Heap after GC invocations=54 (full 5):
 PSYoungGen      total 624128K, used 40937K [0x00000000d5580000, 0x0000000100000000, 0x0000000100000000)
  eden space 583168K, 0% used [0x00000000d5580000,0x00000000d5580000,0x00000000f8f00000)
  from space 40960K, 99% used [0x00000000f8f00000,0x00000000fb6fa640,0x00000000fb700000)
  to   space 60928K, 0% used [0x00000000fc480000,0x00000000fc480000,0x0000000100000000)
 ParOldGen       total 330752K, used 291441K [0x0000000080000000, 0x0000000094300000, 0x00000000d5580000)
  object space 330752K, 88% used [0x0000000080000000,0x0000000091c9c680,0x0000000094300000)
 Metaspace       used 107786K, capacity 113254K, committed 114176K, reserved 1148928K
  class space    used 14098K, capacity 15088K, committed 15360K, reserved 1048576K
}
Event: 176.794 GC heap before
{Heap before GC invocations=55 (full 5):
 PSYoungGen      total 624128K, used 624105K [0x00000000d5580000, 0x0000000100000000, 0x0000000100000000)
  eden space 583168K, 100% used [0x00000000d5580000,0x00000000f8f00000,0x00000000f8f00000)
  from space 40960K, 99% used [0x00000000f8f00000,0x00000000fb6fa640,0x00000000fb700000)
  to   space 60928K, 0% used [0x00000000fc480000,0x00000000fc480000,0x0000000100000000)
 ParOldGen       total 330752K, used 291441K [0x0000000080000000, 0x0000000094300000, 0x00000000d5580000)
  object space 330752K, 88% used [0x0000000080000000,0x0000000091c9c680,0x0000000094300000)
 Metaspace       used 107805K, capacity 113254K, committed 114176K, reserved 1148928K
  class space    used 14098K, capacity 15088K, committed 15360K, reserved 1048576K
Event: 176.863 GC heap after
Heap after GC invocations=55 (full 5):
 PSYoungGen      total 639488K, used 30139K [0x00000000d5580000, 0x0000000100000000, 0x0000000100000000)
  eden space 578560K, 0% used [0x00000000d5580000,0x00000000d5580000,0x00000000f8a80000)
  from space 60928K, 49% used [0x00000000fc480000,0x00000000fe1eecf8,0x0000000100000000)
  to   space 59392K, 0% used [0x00000000f8a80000,0x00000000f8a80000,0x00000000fc480000)
 ParOldGen       total 330752K, used 295897K [0x0000000080000000, 0x0000000094300000, 0x00000000d5580000)
  object space 330752K, 89% used [0x0000000080000000,0x00000000920f6578,0x0000000094300000)
 Metaspace       used 107805K, capacity 113254K, committed 114176K, reserved 1148928K
  class space    used 14098K, capacity 15088K, committed 15360K, reserved 1048576K
}
Event: 179.372 GC heap before
{Heap before GC invocations=56 (full 5):
 PSYoungGen      total 639488K, used 608699K [0x00000000d5580000, 0x0000000100000000, 0x0000000100000000)
  eden space 578560K, 100% used [0x00000000d5580000,0x00000000f8a80000,0x00000000f8a80000)
  from space 60928K, 49% used [0x00000000fc480000,0x00000000fe1eecf8,0x0000000100000000)
  to   space 59392K, 0% used [0x00000000f8a80000,0x00000000f8a80000,0x00000000fc480000)
 ParOldGen       total 330752K, used 295897K [0x0000000080000000, 0x0000000094300000, 0x00000000d5580000)
  object space 330752K, 89% used [0x0000000080000000,0x00000000920f6578,0x0000000094300000)
 Metaspace       used 107826K, capacity 113254K, committed 114176K, reserved 1148928K
  class space    used 14099K, capacity 15088K, committed 15360K, reserved 1048576K
Event: 179.419 GC heap after
Heap after GC invocations=56 (full 5):
 PSYoungGen      total 598528K, used 19640K [0x00000000d5580000, 0x00000000ffa80000, 0x0000000100000000)
  eden space 578560K, 0% used [0x00000000d5580000,0x00000000d5580000,0x00000000f8a80000)
  from space 19968K, 98% used [0x00000000f8a80000,0x00000000f9dae338,0x00000000f9e00000)
  to   space 57344K, 0% used [0x00000000fc280000,0x00000000fc280000,0x00000000ffa80000)
 ParOldGen       total 330752K, used 299209K [0x0000000080000000, 0x0000000094300000, 0x00000000d5580000)
  object space 330752K, 90% used [0x0000000080000000,0x0000000092432678,0x0000000094300000)
 Metaspace       used 107826K, capacity 113254K, committed 114176K, reserved 1148928K
  class space    used 14099K, capacity 15088K, committed 15360K, reserved 1048576K
}
Event: 182.758 GC heap before
{Heap before GC invocations=57 (full 5):
 PSYoungGen      total 598528K, used 598200K [0x00000000d5580000, 0x00000000ffa80000, 0x0000000100000000)
  eden space 578560K, 100% used [0x00000000d5580000,0x00000000f8a80000,0x00000000f8a80000)
  from space 19968K, 98% used [0x00000000f8a80000,0x00000000f9dae338,0x00000000f9e00000)
  to   space 57344K, 0% used [0x00000000fc280000,0x00000000fc280000,0x00000000ffa80000)
 ParOldGen       total 330752K, used 299209K [0x0000000080000000, 0x0000000094300000, 0x00000000d5580000)
  object space 330752K, 90% used [0x0000000080000000,0x0000000092432678,0x0000000094300000)
 Metaspace       used 108013K, capacity 113472K, committed 114176K, reserved 1148928K
  class space    used 14107K, capacity 15091K, committed 15360K, reserved 1048576K

