# JRE version: Java(TM) SE Runtime Environment (8.0_171-b11) (build 1.8.0_171-b11)
# Java VM: Java HotSpot(TM) 64-Bit Server VM (25.171-b11 mixed mode windows-amd64 compressed oops)
Heap:
 PSYoungGen      total 481792K, used 67078K [0x00000000d5580000, 0x00000000fae80000, 0x0000000100000000)
  eden space 432128K, 4% used [0x00000000d5580000,0x00000000d6684230,0x00000000efb80000)
  from space 49664K, 99% used [0x00000000efb80000,0x00000000f2bfd758,0x00000000f2c00000)
  to   space 58880K, 0% used [0x00000000f7500000,0x00000000f7500000,0x00000000fae80000)
 ParOldGen       total 207360K, used 72756K [0x0000000080000000, 0x000000008ca80000, 0x00000000d5580000)
  object space 207360K, 35% used [0x0000000080000000,0x000000008470d130,0x000000008ca80000)
 Metaspace       used 104040K, capacity 109020K, committed 109184K, reserved 1144832K
  class space    used 13729K, capacity 14661K, committed 14720K, reserved 1048576K
GC Heap History (10 events):
Event: 51.534 GC heap before
{Heap before GC invocations=25 (full 4):
 PSYoungGen      total 377344K, used 348671K [0x00000000d5580000, 0x00000000eec80000, 0x0000000100000000)
  eden space 337920K, 100% used [0x00000000d5580000,0x00000000e9f80000,0x00000000e9f80000)
  from space 39424K, 27% used [0x00000000ec600000,0x00000000ed07fe90,0x00000000eec80000)
  to   space 39424K, 0% used [0x00000000e9f80000,0x00000000e9f80000,0x00000000ec600000)
 ParOldGen       total 207360K, used 66668K [0x0000000080000000, 0x000000008ca80000, 0x00000000d5580000)
  object space 207360K, 32% used [0x0000000080000000,0x000000008411b370,0x000000008ca80000)
 Metaspace       used 102875K, capacity 107838K, committed 108032K, reserved 1142784K
  class space    used 13649K, capacity 14586K, committed 14592K, reserved 1048576K
Event: 51.586 GC heap after
Heap after GC invocations=25 (full 4):
 PSYoungGen      total 377344K, used 11761K [0x00000000d5580000, 0x00000000f1b00000, 0x0000000100000000)
  eden space 337920K, 0% used [0x00000000d5580000,0x00000000d5580000,0x00000000e9f80000)
  from space 39424K, 29% used [0x00000000e9f80000,0x00000000eaafc7a8,0x00000000ec600000)
  to   space 38400K, 0% used [0x00000000ef580000,0x00000000ef580000,0x00000000f1b00000)
 ParOldGen       total 207360K, used 66676K [0x0000000080000000, 0x000000008ca80000, 0x00000000d5580000)
  object space 207360K, 32% used [0x0000000080000000,0x000000008411d370,0x000000008ca80000)
 Metaspace       used 102875K, capacity 107838K, committed 108032K, reserved 1142784K
  class space    used 13649K, capacity 14586K, committed 14592K, reserved 1048576K
}
Event: 55.881 GC heap before
{Heap before GC invocations=26 (full 4):
 PSYoungGen      total 377344K, used 349681K [0x00000000d5580000, 0x00000000f1b00000, 0x0000000100000000)
  eden space 337920K, 100% used [0x00000000d5580000,0x00000000e9f80000,0x00000000e9f80000)
  from space 39424K, 29% used [0x00000000e9f80000,0x00000000eaafc7a8,0x00000000ec600000)
  to   space 38400K, 0% used [0x00000000ef580000,0x00000000ef580000,0x00000000f1b00000)
 ParOldGen       total 207360K, used 66676K [0x0000000080000000, 0x000000008ca80000, 0x00000000d5580000)
  object space 207360K, 32% used [0x0000000080000000,0x000000008411d370,0x000000008ca80000)
 Metaspace       used 103061K, capacity 108018K, committed 108160K, reserved 1142784K
  class space    used 13672K, capacity 14594K, committed 14720K, reserved 1048576K
Event: 55.938 GC heap after
Heap after GC invocations=26 (full 4):
 PSYoungGen      total 419840K, used 11627K [0x00000000d5580000, 0x00000000f1700000, 0x0000000100000000)
  eden space 385536K, 0% used [0x00000000d5580000,0x00000000d5580000,0x00000000ece00000)
  from space 34304K, 33% used [0x00000000ef580000,0x00000000f00daf00,0x00000000f1700000)
  to   space 37376K, 0% used [0x00000000ece00000,0x00000000ece00000,0x00000000ef280000)
 ParOldGen       total 207360K, used 66684K [0x0000000080000000, 0x000000008ca80000, 0x00000000d5580000)
  object space 207360K, 32% used [0x0000000080000000,0x000000008411f370,0x000000008ca80000)
 Metaspace       used 103061K, capacity 108018K, committed 108160K, reserved 1142784K
  class space    used 13672K, capacity 14594K, committed 14720K, reserved 1048576K
}
Event: 62.112 GC heap before
{Heap before GC invocations=27 (full 4):
 PSYoungGen      total 419840K, used 397163K [0x00000000d5580000, 0x00000000f1700000, 0x0000000100000000)
  eden space 385536K, 100% used [0x00000000d5580000,0x00000000ece00000,0x00000000ece00000)
  from space 34304K, 33% used [0x00000000ef580000,0x00000000f00daf00,0x00000000f1700000)
  to   space 37376K, 0% used [0x00000000ece00000,0x00000000ece00000,0x00000000ef280000)
 ParOldGen       total 207360K, used 66684K [0x0000000080000000, 0x000000008ca80000, 0x00000000d5580000)
  object space 207360K, 32% used [0x0000000080000000,0x000000008411f370,0x000000008ca80000)
 Metaspace       used 103774K, capacity 108764K, committed 108928K, reserved 1142784K
  class space    used 13717K, capacity 14649K, committed 14720K, reserved 1048576K
Event: 62.195 GC heap after
Heap after GC invocations=27 (full 4):
 PSYoungGen      total 422912K, used 37360K [0x00000000d5580000, 0x00000000f5700000, 0x0000000100000000)
  eden space 385536K, 0% used [0x00000000d5580000,0x00000000d5580000,0x00000000ece00000)
  from space 37376K, 99% used [0x00000000ece00000,0x00000000ef27c0e8,0x00000000ef280000)
  to   space 44032K, 0% used [0x00000000f2c00000,0x00000000f2c00000,0x00000000f5700000)
 ParOldGen       total 207360K, used 69697K [0x0000000080000000, 0x000000008ca80000, 0x00000000d5580000)
  object space 207360K, 33% used [0x0000000080000000,0x0000000084410538,0x000000008ca80000)
 Metaspace       used 103774K, capacity 108764K, committed 108928K, reserved 1142784K
  class space    used 13717K, capacity 14649K, committed 14720K, reserved 1048576K
}
Event: 64.529 GC heap before
{Heap before GC invocations=28 (full 4):
 PSYoungGen      total 422912K, used 422896K [0x00000000d5580000, 0x00000000f5700000, 0x0000000100000000)
  eden space 385536K, 100% used [0x00000000d5580000,0x00000000ece00000,0x00000000ece00000)
  from space 37376K, 99% used [0x00000000ece00000,0x00000000ef27c0e8,0x00000000ef280000)
  to   space 44032K, 0% used [0x00000000f2c00000,0x00000000f2c00000,0x00000000f5700000)
 ParOldGen       total 207360K, used 69697K [0x0000000080000000, 0x000000008ca80000, 0x00000000d5580000)
  object space 207360K, 33% used [0x0000000080000000,0x0000000084410538,0x000000008ca80000)
 Metaspace       used 103981K, capacity 108928K, committed 109184K, reserved 1144832K
  class space    used 13723K, capacity 14653K, committed 14720K, reserved 1048576K
Event: 64.605 GC heap after
Heap after GC invocations=28 (full 4):
 PSYoungGen      total 476160K, used 41192K [0x00000000d5580000, 0x00000000f6980000, 0x0000000100000000)
  eden space 432128K, 0% used [0x00000000d5580000,0x00000000d5580000,0x00000000efb80000)
  from space 44032K, 93% used [0x00000000f2c00000,0x00000000f543a318,0x00000000f5700000)
  to   space 49664K, 0% used [0x00000000efb80000,0x00000000efb80000,0x00000000f2c00000)
 ParOldGen       total 207360K, used 69705K [0x0000000080000000, 0x000000008ca80000, 0x00000000d5580000)
  object space 207360K, 33% used [0x0000000080000000,0x0000000084412538,0x000000008ca80000)
 Metaspace       used 103981K, capacity 108928K, committed 109184K, reserved 1144832K
  class space    used 13723K, capacity 14653K, committed 14720K, reserved 1048576K
}
Event: 67.079 GC heap before
{Heap before GC invocations=29 (full 4):
 PSYoungGen      total 476160K, used 473320K [0x00000000d5580000, 0x00000000f6980000, 0x0000000100000000)
  eden space 432128K, 100% used [0x00000000d5580000,0x00000000efb80000,0x00000000efb80000)
  from space 44032K, 93% used [0x00000000f2c00000,0x00000000f543a318,0x00000000f5700000)
  to   space 49664K, 0% used [0x00000000efb80000,0x00000000efb80000,0x00000000f2c00000)
 ParOldGen       total 207360K, used 69705K [0x0000000080000000, 0x000000008ca80000, 0x00000000d5580000)
  object space 207360K, 33% used [0x0000000080000000,0x0000000084412538,0x000000008ca80000)
 Metaspace       used 104020K, capacity 109020K, committed 109184K, reserved 1144832K
  class space    used 13729K, capacity 14661K, committed 14720K, reserved 1048576K
Event: 67.257 GC heap after
Heap after GC invocations=29 (full 4):
 PSYoungGen      total 481792K, used 49653K [0x00000000d5580000, 0x00000000fae80000, 0x0000000100000000)
  eden space 432128K, 0% used [0x00000000d5580000,0x00000000d5580000,0x00000000efb80000)
  from space 49664K, 99% used [0x00000000efb80000,0x00000000f2bfd758,0x00000000f2c00000)
  to   space 58880K, 0% used [0x00000000f7500000,0x00000000f7500000,0x00000000fae80000)
 ParOldGen       total 207360K, used 72756K [0x0000000080000000, 0x000000008ca80000, 0x00000000d5580000)
  object space 207360K, 35% used [0x0000000080000000,0x000000008470d130,0x000000008ca80000)
 Metaspace       used 104020K, capacity 109020K, committed 109184K, reserved 1144832K
  class space    used 13729K, capacity 14661K, committed 14720K, reserved 1048576K
}

