# JRE version: Java(TM) SE Runtime Environment (8.0_171-b11) (build 1.8.0_171-b11)
# Java VM: Java HotSpot(TM) 64-Bit Server VM (25.171-b11 mixed mode windows-amd64 compressed oops)
Heap:
 PSYoungGen      total 613888K, used 613674K [0x00000000d5580000, 0x0000000100000000, 0x0000000100000000)
  eden space 606720K, 100% used [0x00000000d5580000,0x00000000fa600000,0x00000000fa600000)
  from space 7168K, 97% used [0x00000000fa600000,0x00000000facca998,0x00000000fad00000)
  to   space 46592K, 5% used [0x00000000fd280000,0x00000000fd4d7b18,0x0000000100000000)
 ParOldGen       total 309760K, used 279441K [0x0000000080000000, 0x0000000092e80000, 0x00000000d5580000)
  object space 309760K, 90% used [0x0000000080000000,0x00000000910e6708,0x0000000092e80000)
 Metaspace       used 101362K, capacity 106380K, committed 106752K, reserved 1140736K
  class space    used 13536K, capacity 14463K, committed 14592K, reserved 1048576K
GC Heap History (10 events):
Event: 166.517 GC heap before
{Heap before GC invocations=40 (full 5):
 PSYoungGen      total 641024K, used 641017K [0x00000000d5580000, 0x0000000100000000, 0x0000000100000000)
  eden space 599552K, 100% used [0x00000000d5580000,0x00000000f9f00000,0x00000000f9f00000)
  from space 41472K, 99% used [0x00000000fd780000,0x00000000ffffe500,0x0000000100000000)
  to   space 49664K, 0% used [0x00000000f9f00000,0x00000000f9f00000,0x00000000fcf80000)
 ParOldGen       total 309760K, used 203536K [0x0000000080000000, 0x0000000092e80000, 0x00000000d5580000)
  object space 309760K, 65% used [0x0000000080000000,0x000000008c6c42f8,0x0000000092e80000)
 Metaspace       used 101286K, capacity 106298K, committed 106752K, reserved 1140736K
  class space    used 13533K, capacity 14460K, committed 14592K, reserved 1048576K
Event: 166.570 GC heap after
Heap after GC invocations=40 (full 5):
 PSYoungGen      total 649216K, used 20647K [0x00000000d5580000, 0x0000000100000000, 0x0000000100000000)
  eden space 599552K, 0% used [0x00000000d5580000,0x00000000d5580000,0x00000000f9f00000)
  from space 49664K, 41% used [0x00000000f9f00000,0x00000000fb329ec8,0x00000000fcf80000)
  to   space 47616K, 0% used [0x00000000fd180000,0x00000000fd180000,0x0000000100000000)
 ParOldGen       total 309760K, used 234557K [0x0000000080000000, 0x0000000092e80000, 0x00000000d5580000)
  object space 309760K, 75% used [0x0000000080000000,0x000000008e50f650,0x0000000092e80000)
 Metaspace       used 101286K, capacity 106298K, committed 106752K, reserved 1140736K
  class space    used 13533K, capacity 14460K, committed 14592K, reserved 1048576K
}
Event: 168.373 GC heap before
{Heap before GC invocations=41 (full 5):
 PSYoungGen      total 649216K, used 620199K [0x00000000d5580000, 0x0000000100000000, 0x0000000100000000)
  eden space 599552K, 100% used [0x00000000d5580000,0x00000000f9f00000,0x00000000f9f00000)
  from space 49664K, 41% used [0x00000000f9f00000,0x00000000fb329ec8,0x00000000fcf80000)
  to   space 47616K, 0% used [0x00000000fd180000,0x00000000fd180000,0x0000000100000000)
 ParOldGen       total 309760K, used 234557K [0x0000000080000000, 0x0000000092e80000, 0x00000000d5580000)
  object space 309760K, 75% used [0x0000000080000000,0x000000008e50f650,0x0000000092e80000)
 Metaspace       used 101296K, capacity 106300K, committed 106752K, reserved 1140736K
  class space    used 13533K, capacity 14461K, committed 14592K, reserved 1048576K
Event: 168.429 GC heap after
Heap after GC invocations=41 (full 5):
 PSYoungGen      total 643072K, used 21985K [0x00000000d5580000, 0x00000000ffa00000, 0x0000000100000000)
  eden space 601600K, 0% used [0x00000000d5580000,0x00000000d5580000,0x00000000fa100000)
  from space 41472K, 53% used [0x00000000fd180000,0x00000000fe6f85e0,0x00000000ffa00000)
  to   space 45568K, 0% used [0x00000000fa100000,0x00000000fa100000,0x00000000fcd80000)
 ParOldGen       total 309760K, used 245103K [0x0000000080000000, 0x0000000092e80000, 0x00000000d5580000)
  object space 309760K, 79% used [0x0000000080000000,0x000000008ef5bea8,0x0000000092e80000)
 Metaspace       used 101296K, capacity 106300K, committed 106752K, reserved 1140736K
  class space    used 13533K, capacity 14461K, committed 14592K, reserved 1048576K
}
Event: 170.376 GC heap before
{Heap before GC invocations=42 (full 5):
 PSYoungGen      total 643072K, used 623585K [0x00000000d5580000, 0x00000000ffa00000, 0x0000000100000000)
  eden space 601600K, 100% used [0x00000000d5580000,0x00000000fa100000,0x00000000fa100000)
  from space 41472K, 53% used [0x00000000fd180000,0x00000000fe6f85e0,0x00000000ffa00000)
  to   space 45568K, 0% used [0x00000000fa100000,0x00000000fa100000,0x00000000fcd80000)
 ParOldGen       total 309760K, used 245103K [0x0000000080000000, 0x0000000092e80000, 0x00000000d5580000)
  object space 309760K, 79% used [0x0000000080000000,0x000000008ef5bea8,0x0000000092e80000)
 Metaspace       used 101314K, capacity 106306K, committed 106752K, reserved 1140736K
  class space    used 13534K, capacity 14462K, committed 14592K, reserved 1048576K
Event: 170.419 GC heap after
Heap after GC invocations=42 (full 5):
 PSYoungGen      total 647168K, used 8908K [0x00000000d5580000, 0x0000000100000000, 0x0000000100000000)
  eden space 601600K, 0% used [0x00000000d5580000,0x00000000d5580000,0x00000000fa100000)
  from space 45568K, 19% used [0x00000000fa100000,0x00000000fa9b3070,0x00000000fcd80000)
  to   space 45568K, 0% used [0x00000000fd380000,0x00000000fd380000,0x0000000100000000)
 ParOldGen       total 309760K, used 261044K [0x0000000080000000, 0x0000000092e80000, 0x00000000d5580000)
  object space 309760K, 84% used [0x0000000080000000,0x000000008feed1a8,0x0000000092e80000)
 Metaspace       used 101314K, capacity 106306K, committed 106752K, reserved 1140736K
  class space    used 13534K, capacity 14462K, committed 14592K, reserved 1048576K
}
Event: 172.158 GC heap before
{Heap before GC invocations=43 (full 5):
 PSYoungGen      total 647168K, used 610508K [0x00000000d5580000, 0x0000000100000000, 0x0000000100000000)
  eden space 601600K, 100% used [0x00000000d5580000,0x00000000fa100000,0x00000000fa100000)
  from space 45568K, 19% used [0x00000000fa100000,0x00000000fa9b3070,0x00000000fcd80000)
  to   space 45568K, 0% used [0x00000000fd380000,0x00000000fd380000,0x0000000100000000)
 ParOldGen       total 309760K, used 261044K [0x0000000080000000, 0x0000000092e80000, 0x00000000d5580000)
  object space 309760K, 84% used [0x0000000080000000,0x000000008feed1a8,0x0000000092e80000)
 Metaspace       used 101329K, capacity 106378K, committed 106752K, reserved 1140736K
  class space    used 13534K, capacity 14462K, committed 14592K, reserved 1048576K
Event: 172.230 GC heap after
Heap after GC invocations=43 (full 5):
 PSYoungGen      total 652288K, used 29407K [0x00000000d5580000, 0x0000000100000000, 0x0000000100000000)
  eden space 606720K, 0% used [0x00000000d5580000,0x00000000d5580000,0x00000000fa600000)
  from space 45568K, 64% used [0x00000000fd380000,0x00000000ff037d50,0x0000000100000000)
  to   space 46080K, 0% used [0x00000000fa600000,0x00000000fa600000,0x00000000fd300000)
 ParOldGen       total 309760K, used 265071K [0x0000000080000000, 0x0000000092e80000, 0x00000000d5580000)
  object space 309760K, 85% used [0x0000000080000000,0x00000000902dbfc8,0x0000000092e80000)
 Metaspace       used 101329K, capacity 106378K, committed 106752K, reserved 1140736K
  class space    used 13534K, capacity 14462K, committed 14592K, reserved 1048576K
}
Event: 174.108 GC heap before
{Heap before GC invocations=44 (full 5):
 PSYoungGen      total 652288K, used 636127K [0x00000000d5580000, 0x0000000100000000, 0x0000000100000000)
  eden space 606720K, 100% used [0x00000000d5580000,0x00000000fa600000,0x00000000fa600000)
  from space 45568K, 64% used [0x00000000fd380000,0x00000000ff037d50,0x0000000100000000)
  to   space 46080K, 0% used [0x00000000fa600000,0x00000000fa600000,0x00000000fd300000)
 ParOldGen       total 309760K, used 265071K [0x0000000080000000, 0x0000000092e80000, 0x00000000d5580000)
  object space 309760K, 85% used [0x0000000080000000,0x00000000902dbfc8,0x0000000092e80000)
 Metaspace       used 101348K, capacity 106378K, committed 106752K, reserved 1140736K
  class space    used 13535K, capacity 14462K, committed 14592K, reserved 1048576K
Event: 174.146 GC heap after
Heap after GC invocations=44 (full 5):
 PSYoungGen      total 613888K, used 6954K [0x00000000d5580000, 0x0000000100000000, 0x0000000100000000)
  eden space 606720K, 0% used [0x00000000d5580000,0x00000000d5580000,0x00000000fa600000)
  from space 7168K, 97% used [0x00000000fa600000,0x00000000facca998,0x00000000fad00000)
  to   space 46592K, 0% used [0x00000000fd280000,0x00000000fd280000,0x0000000100000000)
 ParOldGen       total 309760K, used 277056K [0x0000000080000000, 0x0000000092e80000, 0x00000000d5580000)
  object space 309760K, 89% used [0x0000000080000000,0x0000000090e903a0,0x0000000092e80000)
 Metaspace       used 101348K, capacity 106378K, committed 106752K, reserved 1140736K
  class space    used 13535K, capacity 14462K, committed 14592K, reserved 1048576K
}

