# JRE version: Java(TM) SE Runtime Environment (8.0_171-b11) (build 1.8.0_171-b11)
# Java VM: Java HotSpot(TM) 64-Bit Server VM (25.171-b11 mixed mode windows-amd64 compressed oops)
Heap:
 PSYoungGen      total 320512K, used 78414K [0x00000000d5580000, 0x00000000f0580000, 0x0000000100000000)
  eden space 274944K, 14% used [0x00000000d5580000,0x00000000d7cd12b0,0x00000000e6200000)
  from space 45568K, 83% used [0x00000000e9680000,0x00000000ebbc27f0,0x00000000ec300000)
  to   space 53760K, 0% used [0x00000000e6200000,0x00000000e6200000,0x00000000e9680000)
 ParOldGen       total 227328K, used 153617K [0x0000000080000000, 0x000000008de00000, 0x00000000d5580000)
  object space 227328K, 67% used [0x0000000080000000,0x0000000089604780,0x000000008de00000)
 Metaspace       used 89935K, capacity 94756K, committed 94976K, reserved 1130496K
  class space    used 12295K, capacity 13221K, committed 13312K, reserved 1048576K
GC Heap History (10 events):
Event: 61.440 GC heap before
{Heap before GC invocations=24 (full 4):
 PSYoungGen      total 328704K, used 288384K [0x00000000d5580000, 0x00000000ec300000, 0x0000000100000000)
  eden space 283136K, 100% used [0x00000000d5580000,0x00000000e6a00000,0x00000000e6a00000)
  from space 45568K, 11% used [0x00000000e6a00000,0x00000000e6f20000,0x00000000e9680000)
  to   space 45568K, 0% used [0x00000000e9680000,0x00000000e9680000,0x00000000ec300000)
 ParOldGen       total 227328K, used 153585K [0x0000000080000000, 0x000000008de00000, 0x00000000d5580000)
  object space 227328K, 67% used [0x0000000080000000,0x00000000895fc780,0x000000008de00000)
 Metaspace       used 88434K, capacity 92854K, committed 93184K, reserved 1130496K
  class space    used 12098K, capacity 12962K, committed 13056K, reserved 1048576K
Event: 61.507 GC heap after
Heap after GC invocations=24 (full 4):
 PSYoungGen      total 328704K, used 10558K [0x00000000d5580000, 0x00000000ec300000, 0x0000000100000000)
  eden space 283136K, 0% used [0x00000000d5580000,0x00000000d5580000,0x00000000e6a00000)
  from space 45568K, 23% used [0x00000000e9680000,0x00000000ea0cf810,0x00000000ec300000)
  to   space 45568K, 0% used [0x00000000e6a00000,0x00000000e6a00000,0x00000000e9680000)
 ParOldGen       total 227328K, used 153585K [0x0000000080000000, 0x000000008de00000, 0x00000000d5580000)
  object space 227328K, 67% used [0x0000000080000000,0x00000000895fc780,0x000000008de00000)
 Metaspace       used 88434K, capacity 92854K, committed 93184K, reserved 1130496K
  class space    used 12098K, capacity 12962K, committed 13056K, reserved 1048576K
}
Event: 65.140 GC heap before
{Heap before GC invocations=25 (full 4):
 PSYoungGen      total 328704K, used 293694K [0x00000000d5580000, 0x00000000ec300000, 0x0000000100000000)
  eden space 283136K, 100% used [0x00000000d5580000,0x00000000e6a00000,0x00000000e6a00000)
  from space 45568K, 23% used [0x00000000e9680000,0x00000000ea0cf810,0x00000000ec300000)
  to   space 45568K, 0% used [0x00000000e6a00000,0x00000000e6a00000,0x00000000e9680000)
 ParOldGen       total 227328K, used 153585K [0x0000000080000000, 0x000000008de00000, 0x00000000d5580000)
  object space 227328K, 67% used [0x0000000080000000,0x00000000895fc780,0x000000008de00000)
 Metaspace       used 88479K, capacity 92868K, committed 93184K, reserved 1130496K
  class space    used 12101K, capacity 12967K, committed 13056K, reserved 1048576K
Event: 65.207 GC heap after
Heap after GC invocations=25 (full 4):
 PSYoungGen      total 328704K, used 15200K [0x00000000d5580000, 0x00000000ec300000, 0x0000000100000000)
  eden space 283136K, 0% used [0x00000000d5580000,0x00000000d5580000,0x00000000e6a00000)
  from space 45568K, 33% used [0x00000000e6a00000,0x00000000e78d8000,0x00000000e9680000)
  to   space 45568K, 0% used [0x00000000e9680000,0x00000000e9680000,0x00000000ec300000)
 ParOldGen       total 227328K, used 153593K [0x0000000080000000, 0x000000008de00000, 0x00000000d5580000)
  object space 227328K, 67% used [0x0000000080000000,0x00000000895fe780,0x000000008de00000)
 Metaspace       used 88479K, capacity 92868K, committed 93184K, reserved 1130496K
  class space    used 12101K, capacity 12967K, committed 13056K, reserved 1048576K
}
Event: 68.507 GC heap before
{Heap before GC invocations=26 (full 4):
 PSYoungGen      total 328704K, used 298336K [0x00000000d5580000, 0x00000000ec300000, 0x0000000100000000)
  eden space 283136K, 100% used [0x00000000d5580000,0x00000000e6a00000,0x00000000e6a00000)
  from space 45568K, 33% used [0x00000000e6a00000,0x00000000e78d8000,0x00000000e9680000)
  to   space 45568K, 0% used [0x00000000e9680000,0x00000000e9680000,0x00000000ec300000)
 ParOldGen       total 227328K, used 153593K [0x0000000080000000, 0x000000008de00000, 0x00000000d5580000)
  object space 227328K, 67% used [0x0000000080000000,0x00000000895fe780,0x000000008de00000)
 Metaspace       used 89893K, capacity 94680K, committed 94976K, reserved 1130496K
  class space    used 12293K, capacity 13219K, committed 13312K, reserved 1048576K
Event: 68.561 GC heap after
Heap after GC invocations=26 (full 4):
 PSYoungGen      total 328704K, used 22262K [0x00000000d5580000, 0x00000000ec300000, 0x0000000100000000)
  eden space 283136K, 0% used [0x00000000d5580000,0x00000000d5580000,0x00000000e6a00000)
  from space 45568K, 48% used [0x00000000e9680000,0x00000000eac3db10,0x00000000ec300000)
  to   space 45568K, 0% used [0x00000000e6a00000,0x00000000e6a00000,0x00000000e9680000)
 ParOldGen       total 227328K, used 153601K [0x0000000080000000, 0x000000008de00000, 0x00000000d5580000)
  object space 227328K, 67% used [0x0000000080000000,0x0000000089600780,0x000000008de00000)
 Metaspace       used 89893K, capacity 94680K, committed 94976K, reserved 1130496K
  class space    used 12293K, capacity 13219K, committed 13312K, reserved 1048576K
}
Event: 70.562 GC heap before
{Heap before GC invocations=27 (full 4):
 PSYoungGen      total 328704K, used 305398K [0x00000000d5580000, 0x00000000ec300000, 0x0000000100000000)
  eden space 283136K, 100% used [0x00000000d5580000,0x00000000e6a00000,0x00000000e6a00000)
  from space 45568K, 48% used [0x00000000e9680000,0x00000000eac3db10,0x00000000ec300000)
  to   space 45568K, 0% used [0x00000000e6a00000,0x00000000e6a00000,0x00000000e9680000)
 ParOldGen       total 227328K, used 153601K [0x0000000080000000, 0x000000008de00000, 0x00000000d5580000)
  object space 227328K, 67% used [0x0000000080000000,0x0000000089600780,0x000000008de00000)
 Metaspace       used 89914K, capacity 94750K, committed 94976K, reserved 1130496K
  class space    used 12294K, capacity 13220K, committed 13312K, reserved 1048576K
Event: 70.625 GC heap after
Heap after GC invocations=27 (full 4):
 PSYoungGen      total 328704K, used 29091K [0x00000000d5580000, 0x00000000ec300000, 0x0000000100000000)
  eden space 283136K, 0% used [0x00000000d5580000,0x00000000d5580000,0x00000000e6a00000)
  from space 45568K, 63% used [0x00000000e6a00000,0x00000000e8668dd8,0x00000000e9680000)
  to   space 45568K, 0% used [0x00000000e9680000,0x00000000e9680000,0x00000000ec300000)
 ParOldGen       total 227328K, used 153609K [0x0000000080000000, 0x000000008de00000, 0x00000000d5580000)
  object space 227328K, 67% used [0x0000000080000000,0x0000000089602780,0x000000008de00000)
 Metaspace       used 89914K, capacity 94750K, committed 94976K, reserved 1130496K
  class space    used 12294K, capacity 13220K, committed 13312K, reserved 1048576K
}
Event: 72.358 GC heap before
{Heap before GC invocations=28 (full 4):
 PSYoungGen      total 328704K, used 312227K [0x00000000d5580000, 0x00000000ec300000, 0x0000000100000000)
  eden space 283136K, 100% used [0x00000000d5580000,0x00000000e6a00000,0x00000000e6a00000)
  from space 45568K, 63% used [0x00000000e6a00000,0x00000000e8668dd8,0x00000000e9680000)
  to   space 45568K, 0% used [0x00000000e9680000,0x00000000e9680000,0x00000000ec300000)
 ParOldGen       total 227328K, used 153609K [0x0000000080000000, 0x000000008de00000, 0x00000000d5580000)
  object space 227328K, 67% used [0x0000000080000000,0x0000000089602780,0x000000008de00000)
 Metaspace       used 89932K, capacity 94750K, committed 94976K, reserved 1130496K
  class space    used 12294K, capacity 13220K, committed 13312K, reserved 1048576K
Event: 72.445 GC heap after
Heap after GC invocations=28 (full 4):
 PSYoungGen      total 320512K, used 38153K [0x00000000d5580000, 0x00000000f0580000, 0x0000000100000000)
  eden space 274944K, 0% used [0x00000000d5580000,0x00000000d5580000,0x00000000e6200000)
  from space 45568K, 83% used [0x00000000e9680000,0x00000000ebbc27f0,0x00000000ec300000)
  to   space 53760K, 0% used [0x00000000e6200000,0x00000000e6200000,0x00000000e9680000)
 ParOldGen       total 227328K, used 153617K [0x0000000080000000, 0x000000008de00000, 0x00000000d5580000)
  object space 227328K, 67% used [0x0000000080000000,0x0000000089604780,0x000000008de00000)
 Metaspace       used 89932K, capacity 94750K, committed 94976K, reserved 1130496K
  class space    used 12294K, capacity 13220K, committed 13312K, reserved 1048576K
}

