# JRE version: Java(TM) SE Runtime Environment (8.0_171-b11) (build 1.8.0_171-b11)
# Java VM: Java HotSpot(TM) 64-Bit Server VM (25.171-b11 mixed mode windows-amd64 compressed oops)
Heap:
 PSYoungGen      total 649728K, used 355520K [0x00000000d5580000, 0x0000000100000000, 0x0000000100000000)
  eden space 602624K, 53% used [0x00000000d5580000,0x00000000e92de310,0x00000000fa200000)
  from space 47104K, 64% used [0x00000000fd200000,0x00000000fefd1da0,0x0000000100000000)
  to   space 48128K, 0% used [0x00000000fa200000,0x00000000fa200000,0x00000000fd100000)
 ParOldGen       total 266752K, used 204422K [0x0000000080000000, 0x0000000090480000, 0x00000000d5580000)
  object space 266752K, 76% used [0x0000000080000000,0x000000008c7a18e8,0x0000000090480000)
 Metaspace       used 97993K, capacity 103074K, committed 103296K, reserved 1138688K
  class space    used 12985K, capacity 13911K, committed 13952K, reserved 1048576K
GC Heap History (10 events):
Event: 173.256 GC heap before
{Heap before GC invocations=31 (full 5):
 PSYoungGen      total 652288K, used 632291K [0x00000000d5580000, 0x0000000100000000, 0x0000000100000000)
  eden space 606720K, 100% used [0x00000000d5580000,0x00000000fa600000,0x00000000fa600000)
  from space 45568K, 56% used [0x00000000fa600000,0x00000000fbef8e00,0x00000000fd280000)
  to   space 45568K, 0% used [0x00000000fd380000,0x00000000fd380000,0x0000000100000000)
 ParOldGen       total 266752K, used 151874K [0x0000000080000000, 0x0000000090480000, 0x00000000d5580000)
  object space 266752K, 56% used [0x0000000080000000,0x00000000894508f8,0x0000000090480000)
 Metaspace       used 97727K, capacity 102684K, committed 103040K, reserved 1138688K
  class space    used 12948K, capacity 13872K, committed 13952K, reserved 1048576K
Event: 173.437 GC heap after
Heap after GC invocations=31 (full 5):
 PSYoungGen      total 651264K, used 30212K [0x00000000d5580000, 0x0000000100000000, 0x0000000100000000)
  eden space 605696K, 0% used [0x00000000d5580000,0x00000000d5580000,0x00000000fa500000)
  from space 45568K, 66% used [0x00000000fd380000,0x00000000ff1013b8,0x0000000100000000)
  to   space 46592K, 0% used [0x00000000fa500000,0x00000000fa500000,0x00000000fd280000)
 ParOldGen       total 266752K, used 164152K [0x0000000080000000, 0x0000000090480000, 0x00000000d5580000)
  object space 266752K, 61% used [0x0000000080000000,0x000000008a04e040,0x0000000090480000)
 Metaspace       used 97727K, capacity 102684K, committed 103040K, reserved 1138688K
  class space    used 12948K, capacity 13872K, committed 13952K, reserved 1048576K
}
Event: 180.106 GC heap before
{Heap before GC invocations=32 (full 5):
 PSYoungGen      total 651264K, used 635908K [0x00000000d5580000, 0x0000000100000000, 0x0000000100000000)
  eden space 605696K, 100% used [0x00000000d5580000,0x00000000fa500000,0x00000000fa500000)
  from space 45568K, 66% used [0x00000000fd380000,0x00000000ff1013b8,0x0000000100000000)
  to   space 46592K, 0% used [0x00000000fa500000,0x00000000fa500000,0x00000000fd280000)
 ParOldGen       total 266752K, used 164152K [0x0000000080000000, 0x0000000090480000, 0x00000000d5580000)
  object space 266752K, 61% used [0x0000000080000000,0x000000008a04e040,0x0000000090480000)
 Metaspace       used 97922K, capacity 102998K, committed 103296K, reserved 1138688K
  class space    used 12981K, capacity 13911K, committed 13952K, reserved 1048576K
Event: 180.180 GC heap after
Heap after GC invocations=32 (full 5):
 PSYoungGen      total 652288K, used 9135K [0x00000000d5580000, 0x0000000100000000, 0x0000000100000000)
  eden space 605696K, 0% used [0x00000000d5580000,0x00000000d5580000,0x00000000fa500000)
  from space 46592K, 19% used [0x00000000fa500000,0x00000000fadebd40,0x00000000fd280000)
  to   space 46080K, 0% used [0x00000000fd300000,0x00000000fd300000,0x0000000100000000)
 ParOldGen       total 266752K, used 180378K [0x0000000080000000, 0x0000000090480000, 0x00000000d5580000)
  object space 266752K, 67% used [0x0000000080000000,0x000000008b026b88,0x0000000090480000)
 Metaspace       used 97922K, capacity 102998K, committed 103296K, reserved 1138688K
  class space    used 12981K, capacity 13911K, committed 13952K, reserved 1048576K
}
Event: 186.757 GC heap before
{Heap before GC invocations=33 (full 5):
 PSYoungGen      total 652288K, used 614831K [0x00000000d5580000, 0x0000000100000000, 0x0000000100000000)
  eden space 605696K, 100% used [0x00000000d5580000,0x00000000fa500000,0x00000000fa500000)
  from space 46592K, 19% used [0x00000000fa500000,0x00000000fadebd40,0x00000000fd280000)
  to   space 46080K, 0% used [0x00000000fd300000,0x00000000fd300000,0x0000000100000000)
 ParOldGen       total 266752K, used 180378K [0x0000000080000000, 0x0000000090480000, 0x00000000d5580000)
  object space 266752K, 67% used [0x0000000080000000,0x000000008b026b88,0x0000000090480000)
 Metaspace       used 97945K, capacity 103010K, committed 103296K, reserved 1138688K
  class space    used 12981K, capacity 13911K, committed 13952K, reserved 1048576K
Event: 187.285 GC heap after
Heap after GC invocations=33 (full 5):
 PSYoungGen      total 651776K, used 26581K [0x00000000d5580000, 0x00000000fff80000, 0x0000000100000000)
  eden space 606208K, 0% used [0x00000000d5580000,0x00000000d5580000,0x00000000fa580000)
  from space 45568K, 58% used [0x00000000fd300000,0x00000000fecf5440,0x00000000fff80000)
  to   space 46080K, 0% used [0x00000000fa580000,0x00000000fa580000,0x00000000fd280000)
 ParOldGen       total 266752K, used 186533K [0x0000000080000000, 0x0000000090480000, 0x00000000d5580000)
  object space 266752K, 69% used [0x0000000080000000,0x000000008b6294e0,0x0000000090480000)
 Metaspace       used 97945K, capacity 103010K, committed 103296K, reserved 1138688K
  class space    used 12981K, capacity 13911K, committed 13952K, reserved 1048576K
}
Event: 205.262 GC heap before
{Heap before GC invocations=34 (full 5):
 PSYoungGen      total 651776K, used 632789K [0x00000000d5580000, 0x00000000fff80000, 0x0000000100000000)
  eden space 606208K, 100% used [0x00000000d5580000,0x00000000fa580000,0x00000000fa580000)
  from space 45568K, 58% used [0x00000000fd300000,0x00000000fecf5440,0x00000000fff80000)
  to   space 46080K, 0% used [0x00000000fa580000,0x00000000fa580000,0x00000000fd280000)
 ParOldGen       total 266752K, used 186533K [0x0000000080000000, 0x0000000090480000, 0x00000000d5580000)
  object space 266752K, 69% used [0x0000000080000000,0x000000008b6294e0,0x0000000090480000)
 Metaspace       used 97964K, capacity 103010K, committed 103296K, reserved 1138688K
  class space    used 12981K, capacity 13911K, committed 13952K, reserved 1048576K
Event: 205.614 GC heap after
Heap after GC invocations=34 (full 5):
 PSYoungGen      total 635904K, used 29541K [0x00000000d5580000, 0x0000000100000000, 0x0000000100000000)
  eden space 606208K, 0% used [0x00000000d5580000,0x00000000d5580000,0x00000000fa580000)
  from space 29696K, 99% used [0x00000000fa580000,0x00000000fc2597b8,0x00000000fc280000)
  to   space 47104K, 0% used [0x00000000fd200000,0x00000000fd200000,0x0000000100000000)
 ParOldGen       total 266752K, used 204422K [0x0000000080000000, 0x0000000090480000, 0x00000000d5580000)
  object space 266752K, 76% used [0x0000000080000000,0x000000008c7a18e8,0x0000000090480000)
 Metaspace       used 97964K, capacity 103010K, committed 103296K, reserved 1138688K
  class space    used 12981K, capacity 13911K, committed 13952K, reserved 1048576K
}
Event: 209.282 GC heap before
{Heap before GC invocations=35 (full 5):
 PSYoungGen      total 635904K, used 635749K [0x00000000d5580000, 0x0000000100000000, 0x0000000100000000)
  eden space 606208K, 100% used [0x00000000d5580000,0x00000000fa580000,0x00000000fa580000)
  from space 29696K, 99% used [0x00000000fa580000,0x00000000fc2597b8,0x00000000fc280000)
  to   space 47104K, 0% used [0x00000000fd200000,0x00000000fd200000,0x0000000100000000)
 ParOldGen       total 266752K, used 204422K [0x0000000080000000, 0x0000000090480000, 0x00000000d5580000)
  object space 266752K, 76% used [0x0000000080000000,0x000000008c7a18e8,0x0000000090480000)
 Metaspace       used 97986K, capacity 103074K, committed 103296K, reserved 1138688K
  class space    used 12984K, capacity 13911K, committed 13952K, reserved 1048576K
Event: 209.382 GC heap after
Heap after GC invocations=35 (full 5):
 PSYoungGen      total 649728K, used 30535K [0x00000000d5580000, 0x0000000100000000, 0x0000000100000000)
  eden space 602624K, 0% used [0x00000000d5580000,0x00000000d5580000,0x00000000fa200000)
  from space 47104K, 64% used [0x00000000fd200000,0x00000000fefd1da0,0x0000000100000000)
  to   space 48128K, 0% used [0x00000000fa200000,0x00000000fa200000,0x00000000fd100000)
 ParOldGen       total 266752K, used 204422K [0x0000000080000000, 0x0000000090480000, 0x00000000d5580000)
  object space 266752K, 76% used [0x0000000080000000,0x000000008c7a18e8,0x0000000090480000)
 Metaspace       used 97986K, capacity 103074K, committed 103296K, reserved 1138688K
  class space    used 12984K, capacity 13911K, committed 13952K, reserved 1048576K
}

